This is pdfTeX, Version 3.141592653-2.6-1.40.26 (MiKTeX 24.4) (preloaded format=pdflatex 2024.11.15)  9 DEC 2024 01:23
entering extended mode
 restricted \write18 enabled.
 %&-line parsing enabled.
**./Lab_manual.tex
(Lab_manual.tex
LaTeX2e <2024-11-01>
L3 programming layer <2024-11-02>
(C:\Users\user\AppData\Local\Programs\MiKTeX\tex/latex/base\article.cls
Document Class: article 2024/06/29 v1.4n Standard LaTeX document class
(C:\Users\user\AppData\Local\Programs\MiKTeX\tex/latex/base\size10.clo
File: size10.clo 2024/06/29 v1.4n Standard LaTeX file (size option)
)
\c@part=\count196
\c@section=\count197
\c@subsection=\count198
\c@subsubsection=\count199
\c@paragraph=\count266
\c@subparagraph=\count267
\c@figure=\count268
\c@table=\count269
\abovecaptionskip=\skip49
\belowcaptionskip=\skip50
\bibindent=\dimen141
)
(C:\Users\user\AppData\Local\Programs\MiKTeX\tex/latex/base\inputenc.sty
Package: inputenc 2024/02/08 v1.3d Input encoding file
\inpenc@prehook=\toks17
\inpenc@posthook=\toks18
)
(C:\Users\user\AppData\Local\Programs\MiKTeX\tex/latex/geometry\geometry.sty
Package: geometry 2020/01/02 v5.9 Page Geometry

(C:\Users\user\AppData\Local\Programs\MiKTeX\tex/latex/graphics\keyval.sty
Package: keyval 2022/05/29 v1.15 key=value parser (DPC)
\KV@toks@=\toks19
)
(C:\Users\user\AppData\Local\Programs\MiKTeX\tex/generic/iftex\ifvtex.sty
Package: ifvtex 2019/10/25 v1.7 ifvtex legacy package. Use iftex instead.

(C:\Users\user\AppData\Local\Programs\MiKTeX\tex/generic/iftex\iftex.sty
Package: iftex 2022/02/03 v1.0f TeX engine tests
))
\Gm@cnth=\count270
\Gm@cntv=\count271
\c@Gm@tempcnt=\count272
\Gm@bindingoffset=\dimen142
\Gm@wd@mp=\dimen143
\Gm@odd@mp=\dimen144
\Gm@even@mp=\dimen145
\Gm@layoutwidth=\dimen146
\Gm@layoutheight=\dimen147
\Gm@layouthoffset=\dimen148
\Gm@layoutvoffset=\dimen149
\Gm@dimlist=\toks20

(C:\Users\user\AppData\Local\Programs\MiKTeX\tex/latex/geometry\geometry.cfg))
(C:\Users\user\AppData\Local\Programs\MiKTeX\tex/latex/graphics\graphicx.sty
Package: graphicx 2021/09/16 v1.2d Enhanced LaTeX Graphics (DPC,SPQR)

(C:\Users\user\AppData\Local\Programs\MiKTeX\tex/latex/graphics\graphics.sty
Package: graphics 2024/08/06 v1.4g Standard LaTeX Graphics (DPC,SPQR)

(C:\Users\user\AppData\Local\Programs\MiKTeX\tex/latex/graphics\trig.sty
Package: trig 2023/12/02 v1.11 sin cos tan (DPC)
)
(C:\Users\user\AppData\Local\Programs\MiKTeX\tex/latex/graphics-cfg\graphics.cf
g
File: graphics.cfg 2016/06/04 v1.11 sample graphics configuration
)
Package graphics Info: Driver file: pdftex.def on input line 106.

(C:\Users\user\AppData\Local\Programs\MiKTeX\tex/latex/graphics-def\pdftex.def
File: pdftex.def 2024/04/13 v1.2c Graphics/color driver for pdftex
))
\Gin@req@height=\dimen150
\Gin@req@width=\dimen151
) (C:\Users\user\AppData\Local\Programs\MiKTeX\tex/latex/titlesec\titlesec.sty
Package: titlesec 2023/10/27 v2.16 Sectioning titles
\ttl@box=\box52
\beforetitleunit=\skip51
\aftertitleunit=\skip52
\ttl@plus=\dimen152
\ttl@minus=\dimen153
\ttl@toksa=\toks21
\titlewidth=\dimen154
\titlewidthlast=\dimen155
\titlewidthfirst=\dimen156
) (C:\Users\user\AppData\Local\Programs\MiKTeX\tex/latex/caption\caption.sty
Package: caption 2023/08/05 v3.6o Customizing captions (AR)

(C:\Users\user\AppData\Local\Programs\MiKTeX\tex/latex/caption\caption3.sty
Package: caption3 2023/07/31 v2.4d caption3 kernel (AR)
\caption@tempdima=\dimen157
\captionmargin=\dimen158
\caption@leftmargin=\dimen159
\caption@rightmargin=\dimen160
\caption@width=\dimen161
\caption@indent=\dimen162
\caption@parindent=\dimen163
\caption@hangindent=\dimen164
Package caption Info: Standard document class detected.
)
\c@caption@flags=\count273
\c@continuedfloat=\count274
)
(C:\Users\user\AppData\Local\Programs\MiKTeX\tex/latex/hyperref\hyperref.sty
Package: hyperref 2024-11-05 v7.01l Hypertext links for LaTeX

(C:\Users\user\AppData\Local\Programs\MiKTeX\tex/latex/kvsetkeys\kvsetkeys.sty
Package: kvsetkeys 2022-10-05 v1.19 Key value parser (HO)
)
(C:\Users\user\AppData\Local\Programs\MiKTeX\tex/generic/kvdefinekeys\kvdefinek
eys.sty
Package: kvdefinekeys 2019-12-19 v1.6 Define keys (HO)
)
(C:\Users\user\AppData\Local\Programs\MiKTeX\tex/generic/pdfescape\pdfescape.st
y
Package: pdfescape 2019/12/09 v1.15 Implements pdfTeX's escape features (HO)
 (C:\Users\user\AppData\Local\Programs\MiKTeX\tex/generic/ltxcmds\ltxcmds.sty
Package: ltxcmds 2023-12-04 v1.26 LaTeX kernel commands for general use (HO)
)
(C:\Users\user\AppData\Local\Programs\MiKTeX\tex/generic/pdftexcmds\pdftexcmds.
sty
Package: pdftexcmds 2020-06-27 v0.33 Utility functions of pdfTeX for LuaTeX (HO
)

(C:\Users\user\AppData\Local\Programs\MiKTeX\tex/generic/infwarerr\infwarerr.st
y
Package: infwarerr 2019/12/03 v1.5 Providing info/warning/error messages (HO)
)
Package pdftexcmds Info: \pdf@primitive is available.
Package pdftexcmds Info: \pdf@ifprimitive is available.
Package pdftexcmds Info: \pdfdraftmode found.
)) (C:\Users\user\AppData\Local\Programs\MiKTeX\tex/latex/hycolor\hycolor.sty
Package: hycolor 2020-01-27 v1.10 Color options for hyperref/bookmark (HO)
) (C:\Users\user\AppData\Local\Programs\MiKTeX\tex/latex/hyperref\nameref.sty
Package: nameref 2023-11-26 v2.56 Cross-referencing by name of section

(C:\Users\user\AppData\Local\Programs\MiKTeX\tex/latex/refcount\refcount.sty
Package: refcount 2019/12/15 v3.6 Data extraction from label references (HO)
)
(C:\Users\user\AppData\Local\Programs\MiKTeX\tex/generic/gettitlestring\gettitl
estring.sty
Package: gettitlestring 2019/12/15 v1.6 Cleanup title references (HO)

(C:\Users\user\AppData\Local\Programs\MiKTeX\tex/latex/kvoptions\kvoptions.sty
Package: kvoptions 2022-06-15 v3.15 Key value format for package options (HO)
))
\c@section@level=\count275
) (C:\Users\user\AppData\Local\Programs\MiKTeX\tex/latex/etoolbox\etoolbox.sty
Package: etoolbox 2020/10/05 v2.5k e-TeX tools for LaTeX (JAW)
\etb@tempcnta=\count276
)
(C:\Users\user\AppData\Local\Programs\MiKTeX\tex/generic/stringenc\stringenc.st
y
Package: stringenc 2019/11/29 v1.12 Convert strings between diff. encodings (HO
)
)
\@linkdim=\dimen165
\Hy@linkcounter=\count277
\Hy@pagecounter=\count278
 (C:\Users\user\AppData\Local\Programs\MiKTeX\tex/latex/hyperref\pd1enc.def
File: pd1enc.def 2024-11-05 v7.01l Hyperref: PDFDocEncoding definition (HO)
Now handling font encoding PD1 ...
... no UTF-8 mapping file for font encoding PD1
)
(C:\Users\user\AppData\Local\Programs\MiKTeX\tex/generic/intcalc\intcalc.sty
Package: intcalc 2019/12/15 v1.3 Expandable calculations with integers (HO)
)
\Hy@SavedSpaceFactor=\count279

(C:\Users\user\AppData\Local\Programs\MiKTeX\tex/latex/hyperref\puenc.def
File: puenc.def 2024-11-05 v7.01l Hyperref: PDF Unicode definition (HO)
Now handling font encoding PU ...
... no UTF-8 mapping file for font encoding PU
)
Package hyperref Info: Hyper figures OFF on input line 4157.
Package hyperref Info: Link nesting OFF on input line 4162.
Package hyperref Info: Hyper index ON on input line 4165.
Package hyperref Info: Plain pages OFF on input line 4172.
Package hyperref Info: Backreferencing OFF on input line 4177.
Package hyperref Info: Implicit mode ON; LaTeX internals redefined.
Package hyperref Info: Bookmarks ON on input line 4424.
\c@Hy@tempcnt=\count280

(C:\Users\user\AppData\Local\Programs\MiKTeX\tex/latex/url\url.sty
\Urlmuskip=\muskip17
Package: url 2013/09/16  ver 3.4  Verb mode for urls, etc.
)
LaTeX Info: Redefining \url on input line 4763.
\XeTeXLinkMargin=\dimen166

(C:\Users\user\AppData\Local\Programs\MiKTeX\tex/generic/bitset\bitset.sty
Package: bitset 2019/12/09 v1.3 Handle bit-vector datatype (HO)

(C:\Users\user\AppData\Local\Programs\MiKTeX\tex/generic/bigintcalc\bigintcalc.
sty
Package: bigintcalc 2019/12/15 v1.5 Expandable calculations on big integers (HO
)
))
\Fld@menulength=\count281
\Field@Width=\dimen167
\Fld@charsize=\dimen168
Package hyperref Info: Hyper figures OFF on input line 6042.
Package hyperref Info: Link nesting OFF on input line 6047.
Package hyperref Info: Hyper index ON on input line 6050.
Package hyperref Info: backreferencing OFF on input line 6057.
Package hyperref Info: Link coloring OFF on input line 6062.
Package hyperref Info: Link coloring with OCG OFF on input line 6067.
Package hyperref Info: PDF/A mode OFF on input line 6072.

(C:\Users\user\AppData\Local\Programs\MiKTeX\tex/latex/base\atbegshi-ltx.sty
Package: atbegshi-ltx 2021/01/10 v1.0c Emulation of the original atbegshi
package with kernel methods
)
\Hy@abspage=\count282
\c@Item=\count283
\c@Hfootnote=\count284
)
Package hyperref Info: Driver (autodetected): hpdftex.

(C:\Users\user\AppData\Local\Programs\MiKTeX\tex/latex/hyperref\hpdftex.def
File: hpdftex.def 2024-11-05 v7.01l Hyperref driver for pdfTeX

(C:\Users\user\AppData\Local\Programs\MiKTeX\tex/latex/base\atveryend-ltx.sty
Package: atveryend-ltx 2020/08/19 v1.0a Emulation of the original atveryend pac
kage
with kernel methods
)
\Fld@listcount=\count285
\c@bookmark@seq@number=\count286

(C:\Users\user\AppData\Local\Programs\MiKTeX\tex/latex/rerunfilecheck\rerunfile
check.sty
Package: rerunfilecheck 2022-07-10 v1.10 Rerun checks for auxiliary files (HO)

(C:\Users\user\AppData\Local\Programs\MiKTeX\tex/generic/uniquecounter\uniqueco
unter.sty
Package: uniquecounter 2019/12/15 v1.4 Provide unlimited unique counter (HO)
)
Package uniquecounter Info: New unique counter `rerunfilecheck' on input line 2
85.
)
\Hy@SectionHShift=\skip53
)
(C:\Users\user\AppData\Local\Programs\MiKTeX\tex/latex/float\float.sty
Package: float 2001/11/08 v1.3d Float enhancements (AL)
\c@float@type=\count287
\float@exts=\toks22
\float@box=\box53
\@float@everytoks=\toks23
\@floatcapt=\box54
)
(C:\Users\user\AppData\Local\Programs\MiKTeX\tex/latex/tools\array.sty
Package: array 2024/10/17 v2.6g Tabular extension package (FMi)
\col@sep=\dimen169
\ar@mcellbox=\box55
\extrarowheight=\dimen170
\NC@list=\toks24
\extratabsurround=\skip54
\backup@length=\skip55
\ar@cellbox=\box56
)
(C:\Users\user\AppData\Local\Programs\MiKTeX\tex/latex/chngcntr\chngcntr.sty
Package: chngcntr 2018/04/09 v1.1a change counter resetting
Package chngcntr Info: \counterwithout already defined.
(chngcntr)             Quitting chngcntr on input line 21.
)
(C:\Users\user\AppData\Local\Programs\MiKTeX\tex/latex/psnfss\times.sty
Package: times 2020/03/25 PSNFSS-v9.3 (SPQR) 
)
LaTeX Font Info:    Trying to load font information for OT1+ptm on input line 2
4.

(C:\Users\user\AppData\Local\Programs\MiKTeX\tex/latex/psnfss\ot1ptm.fd
File: ot1ptm.fd 2001/06/04 font definitions for OT1/ptm.
)
(C:\Users\user\AppData\Local\Programs\MiKTeX\tex/latex/l3backend\l3backend-pdft
ex.def
File: l3backend-pdftex.def 2024-05-08 L3 backend support: PDF output (pdfTeX)
\l__color_backend_stack_int=\count288
\l__pdf_internal_box=\box57
)

LaTeX Warning: Unused global option(s):
    [9pt].

(Lab_manual.aux)
\openout1 = `Lab_manual.aux'.

LaTeX Font Info:    Checking defaults for OML/cmm/m/it on input line 24.
LaTeX Font Info:    ... okay on input line 24.
LaTeX Font Info:    Checking defaults for OMS/cmsy/m/n on input line 24.
LaTeX Font Info:    ... okay on input line 24.
LaTeX Font Info:    Checking defaults for OT1/cmr/m/n on input line 24.
LaTeX Font Info:    ... okay on input line 24.
LaTeX Font Info:    Checking defaults for T1/cmr/m/n on input line 24.
LaTeX Font Info:    ... okay on input line 24.
LaTeX Font Info:    Checking defaults for TS1/cmr/m/n on input line 24.
LaTeX Font Info:    ... okay on input line 24.
LaTeX Font Info:    Checking defaults for OMX/cmex/m/n on input line 24.
LaTeX Font Info:    ... okay on input line 24.
LaTeX Font Info:    Checking defaults for U/cmr/m/n on input line 24.
LaTeX Font Info:    ... okay on input line 24.
LaTeX Font Info:    Checking defaults for PD1/pdf/m/n on input line 24.
LaTeX Font Info:    ... okay on input line 24.
LaTeX Font Info:    Checking defaults for PU/pdf/m/n on input line 24.
LaTeX Font Info:    ... okay on input line 24.

*geometry* driver: auto-detecting
*geometry* detected driver: pdftex
*geometry* verbose mode - [ preamble ] result:
* driver: pdftex
* paper: a4paper
* layout: <same size as paper>
* layoutoffset:(h,v)=(0.0pt,0.0pt)
* modes: 
* h-part:(L,W,R)=(72.26999pt, 452.9679pt, 72.26999pt)
* v-part:(T,H,B)=(72.26999pt, 700.50687pt, 72.26999pt)
* \paperwidth=597.50787pt
* \paperheight=845.04684pt
* \textwidth=452.9679pt
* \textheight=700.50687pt
* \oddsidemargin=0.0pt
* \evensidemargin=0.0pt
* \topmargin=-37.0pt
* \headheight=12.0pt
* \headsep=25.0pt
* \topskip=10.0pt
* \footskip=30.0pt
* \marginparwidth=57.0pt
* \marginparsep=11.0pt
* \columnsep=10.0pt
* \skip\footins=9.0pt plus 4.0pt minus 2.0pt
* \hoffset=0.0pt
* \voffset=0.0pt
* \mag=1000
* \@twocolumnfalse
* \@twosidefalse
* \@mparswitchfalse
* \@reversemarginfalse
* (1in=72.27pt=25.4mm, 1cm=28.453pt)


(C:\Users\user\AppData\Local\Programs\MiKTeX\tex/context/base/mkii\supp-pdf.mki
i
[Loading MPS to PDF converter (version 2006.09.02).]
\scratchcounter=\count289
\scratchdimen=\dimen171
\scratchbox=\box58
\nofMPsegments=\count290
\nofMParguments=\count291
\everyMPshowfont=\toks25
\MPscratchCnt=\count292
\MPscratchDim=\dimen172
\MPnumerator=\count293
\makeMPintoPDFobject=\count294
\everyMPtoPDFconversion=\toks26
)
(C:\Users\user\AppData\Local\Programs\MiKTeX\tex/latex/epstopdf-pkg\epstopdf-ba
se.sty
Package: epstopdf-base 2020-01-24 v2.11 Base part for package epstopdf
Package epstopdf-base Info: Redefining graphics rule for `.eps' on input line 4
85.

(C:\Users\user\AppData\Local\Programs\MiKTeX\tex/latex/00miktex\epstopdf-sys.cf
g
File: epstopdf-sys.cfg 2021/03/18 v2.0 Configuration of epstopdf for MiKTeX
))
Package caption Info: Begin \AtBeginDocument code.
Package caption Info: float package is loaded.
Package caption Info: hyperref package is loaded.
Package caption Info: End \AtBeginDocument code.
Package hyperref Info: Link coloring OFF on input line 24.
 (Lab_manual.out) (Lab_manual.out)
\@outlinefile=\write3
\openout3 = `Lab_manual.out'.

<fastlogo.png, id=47, 316.18124pt x 316.18124pt>
File: fastlogo.png Graphic file (type png)
<use fastlogo.png>
Package pdftex.def Info: fastlogo.png  used on input line 34.
(pdftex.def)             Requested size: 280.83788pt x 280.85524pt.
LaTeX Font Info:    External font `cmex10' loaded for size
(Font)              <24.88> on input line 38.
LaTeX Font Info:    External font `cmex10' loaded for size
(Font)              <20.74> on input line 38.
LaTeX Font Info:    External font `cmex10' loaded for size
(Font)              <17.28> on input line 38.
LaTeX Font Info:    External font `cmex10' loaded for size
(Font)              <12> on input line 44.

Overfull \hbox (44.98534pt too wide) in paragraph at lines 43--54
[]|  []
 []


Underfull \hbox (badness 10000) in paragraph at lines 43--54

 []



[1

{C:/Users/user/AppData/Local/MiKTeX/fonts/map/pdftex/pdftex.map}{C:/Users/user/
AppData/Local/Programs/MiKTeX/fonts/enc/dvips/base/8r.enc} <./fastlogo.png>]
LaTeX Font Info:    External font `cmex10' loaded for size
(Font)              <14.4> on input line 61.
LaTeX Font Info:    External font `cmex10' loaded for size
(Font)              <7> on input line 61.
LaTeX Font Info:    External font `cmex10' loaded for size
(Font)              <5> on input line 65.



pdfTeX warning (ext4): destination with the same identifier (name{page.1}) has 
been already used, duplicate ignored
<to be read again> 
                   \relax 
l.70 	\newpage
               [1] (Lab_manual.toc)
\tf@toc=\write4
\openout4 = `Lab_manual.toc'.



[2]
<1.1.png, id=76, 752.0597pt x 428.35031pt>
File: 1.1.png Graphic file (type png)
<use 1.1.png>
Package pdftex.def Info: 1.1.png  used on input line 114.
(pdftex.def)             Requested size: 362.37569pt x 206.40321pt.


[3]
<1.2.png, id=92, 718.93594pt x 301.125pt>
File: 1.2.png Graphic file (type png)
<use 1.2.png>
Package pdftex.def Info: 1.2.png  used on input line 121.
(pdftex.def)             Requested size: 362.37569pt x 151.78433pt.

Overfull \hbox (9.64641pt too wide) in paragraph at lines 117--123
[]\OT1/ptm/m/n/10 STEP 1:-Download Win-dows 11 ISO file from mi-crosoft of-fi-c
ial web-site https://www.microsoft.com/software-
 []

<1.3.png, id=93, 413.29407pt x 396.7322pt>
File: 1.3.png Graphic file (type png)
<use 1.3.png>
Package pdftex.def Info: 1.3.png  used on input line 128.
(pdftex.def)             Requested size: 362.37569pt x 347.86018pt.


[4 <./1.1.png> <./1.2.png>]
<1.4.png, id=102, 767.11594pt x 286.82156pt>
File: 1.4.png Graphic file (type png)
<use 1.4.png>
Package pdftex.def Info: 1.4.png  used on input line 136.
(pdftex.def)             Requested size: 362.37569pt x 135.49326pt.
<1.5.png, id=103, 733.23938pt x 337.26pt>
File: 1.5.png Graphic file (type png)
<use 1.5.png>
Package pdftex.def Info: 1.5.png  used on input line 142.
(pdftex.def)             Requested size: 362.37569pt x 166.67918pt.


[5 <./1.3.png> <./1.4.png>]
<1.6.png, id=113, 742.27313pt x 369.63094pt>
File: 1.6.png Graphic file (type png)
<use 1.6.png>
Package pdftex.def Info: 1.6.png  used on input line 148.
(pdftex.def)             Requested size: 362.37569pt x 180.4552pt.
<1.7.png, id=114, 776.9025pt x 344.03531pt>
File: 1.7.png Graphic file (type png)
<use 1.7.png>
Package pdftex.def Info: 1.7.png  used on input line 154.
(pdftex.def)             Requested size: 362.37569pt x 160.47346pt.
LaTeX Font Info:    Trying to load font information for TS1+ptm on input line 1
63.

(C:\Users\user\AppData\Local\Programs\MiKTeX\tex/latex/psnfss\ts1ptm.fd
File: ts1ptm.fd 2001/06/04 font definitions for TS1/ptm.
)

[6 <./1.5.png> <./1.6.png> <./1.7.png>]

[7]
<2.1.png, id=137, 316.18124pt x 105.39375pt>
File: 2.1.png Graphic file (type png)
<use 2.1.png>
Package pdftex.def Info: 2.1.png  used on input line 231.
(pdftex.def)             Requested size: 362.37569pt x 120.7998pt.


[8]
<2.2.png, id=152, 316.93407pt x 105.39375pt>
File: 2.2.png Graphic file (type png)
<use 2.2.png>
Package pdftex.def Info: 2.2.png  used on input line 239.
(pdftex.def)             Requested size: 362.37569pt x 120.51515pt.
<2.3.png, id=153, 332.74312pt x 73.77562pt>
File: 2.3.png Graphic file (type png)
<use 2.3.png>
Package pdftex.def Info: 2.3.png  used on input line 247.
(pdftex.def)             Requested size: 362.37569pt x 80.35077pt.
<2.4.png, id=154, 289.08pt x 97.86563pt>
File: 2.4.png Graphic file (type png)
<use 2.4.png>
Package pdftex.def Info: 2.4.png  used on input line 254.
(pdftex.def)             Requested size: 362.37569pt x 122.68562pt.
<2.5.png, id=155, 335.75438pt x 65.49469pt>
File: 2.5.png Graphic file (type png)
<use 2.5.png>
Package pdftex.def Info: 2.5.png  used on input line 262.
(pdftex.def)             Requested size: 362.37569pt x 70.6882pt.


[9 <./2.1.png> <./2.2.png> <./2.3.png> <./2.4.png>]
<2.6.png, id=168, 331.2375pt x 71.51718pt>
File: 2.6.png Graphic file (type png)
<use 2.6.png>
Package pdftex.def Info: 2.6.png  used on input line 270.
(pdftex.def)             Requested size: 362.37569pt x 78.24353pt.
<2.7.png, id=169, 321.45094pt x 37.64063pt>
File: 2.7.png Graphic file (type png)
<use 2.7.png>
Package pdftex.def Info: 2.7.png  used on input line 277.
(pdftex.def)             Requested size: 362.37569pt x 42.43402pt.
<2.8.png, id=170, 325.215pt x 56.46094pt>
File: 2.8.png Graphic file (type png)
<use 2.8.png>
Package pdftex.def Info: 2.8.png  used on input line 284.
(pdftex.def)             Requested size: 362.37569pt x 62.91704pt.


[10 <./2.5.png> <./2.6.png> <./2.7.png> <./2.8.png>]

[11]
<3.1.png, id=194, 829.59938pt x 396.7322pt>
File: 3.1.png Graphic file (type png)
<use 3.1.png>
Package pdftex.def Info: 3.1.png  used on input line 363.
(pdftex.def)             Requested size: 362.37569pt x 173.29143pt.


[12]
<3.2.png, id=209, 863.47594pt x 377.91188pt>
File: 3.2.png Graphic file (type png)
<use 3.2.png>
Package pdftex.def Info: 3.2.png  used on input line 370.
(pdftex.def)             Requested size: 362.37569pt x 158.59503pt.
<3.3.png, id=210, 877.77937pt x 331.99031pt>
File: 3.3.png Graphic file (type png)
<use 3.3.png>
Package pdftex.def Info: 3.3.png  used on input line 378.
(pdftex.def)             Requested size: 362.37569pt x 137.05913pt.
<3.4.png, id=211, 859.71187pt x 402.75468pt>
File: 3.4.png Graphic file (type png)
<use 3.4.png>
Package pdftex.def Info: 3.4.png  used on input line 385.
(pdftex.def)             Requested size: 362.37569pt x 169.76422pt.


[13 <./3.1.png> <./3.2.png> <./3.3.png>]
<3.5.png, id=222, 743.02594pt x 291.33844pt>
File: 3.5.png Graphic file (type png)
<use 3.5.png>
Package pdftex.def Info: 3.5.png  used on input line 391.
(pdftex.def)             Requested size: 362.37569pt x 142.09026pt.
<3.6.png, id=223, 676.77844pt x 140.77594pt>
File: 3.6.png Graphic file (type png)
<use 3.6.png>
Package pdftex.def Info: 3.6.png  used on input line 398.
(pdftex.def)             Requested size: 362.37569pt x 75.37988pt.
<3.7.png, id=224, 813.79031pt x 343.2825pt>
File: 3.7.png Graphic file (type png)
<use 3.7.png>
Package pdftex.def Info: 3.7.png  used on input line 405.
(pdftex.def)             Requested size: 362.37569pt x 152.86237pt.


[14 <./3.4.png> <./3.5.png> <./3.6.png>]
<3.8.png, id=235, 819.8128pt x 336.50719pt>
File: 3.8.png Graphic file (type png)
<use 3.8.png>
Package pdftex.def Info: 3.8.png  used on input line 412.
(pdftex.def)             Requested size: 362.37569pt x 148.74652pt.


[15 <./3.7.png> <./3.8.png>]

[16]
Overfull \hbox (11.86063pt too wide) in paragraph at lines 455--455
 []$ 
 []

<4.1.png, id=255, 835.62187pt x 349.305pt>
File: 4.1.png Graphic file (type png)
<use 4.1.png>
Package pdftex.def Info: 4.1.png  used on input line 490.
(pdftex.def)             Requested size: 362.37569pt x 151.48273pt.


[17]
<4.2.png, id=269, 818.30719pt x 433.62pt>
File: 4.2.png Graphic file (type png)
<use 4.2.png>
Package pdftex.def Info: 4.2.png  used on input line 496.
(pdftex.def)             Requested size: 362.37569pt x 192.02405pt.
<4.3.png, id=270, 828.09375pt x 314.67563pt>
File: 4.3.png Graphic file (type png)
<use 4.3.png>
Package pdftex.def Info: 4.3.png  used on input line 504.
(pdftex.def)             Requested size: 362.37569pt x 137.70386pt.
<4.4.png, id=271, 755.82375pt x 363.60844pt>
File: 4.4.png Graphic file (type png)
<use 4.4.png>
Package pdftex.def Info: 4.4.png  used on input line 510.
(pdftex.def)             Requested size: 362.37569pt x 174.33032pt.


[18 <./4.1.png> <./4.2.png> <./4.3.png>]
<4.5.png, id=283, 817.55438pt x 368.87813pt>
File: 4.5.png Graphic file (type png)
<use 4.5.png>
Package pdftex.def Info: 4.5.png  used on input line 516.
(pdftex.def)             Requested size: 362.37569pt x 163.50577pt.
<4.6.png, id=284, 807.015pt x 325.96782pt>
File: 4.6.png Graphic file (type png)
<use 4.6.png>
Package pdftex.def Info: 4.6.png  used on input line 523.
(pdftex.def)             Requested size: 362.37569pt x 146.3708pt.
<4.7.png, id=285, 804.75656pt x 378.66469pt>
File: 4.7.png Graphic file (type png)
<use 4.7.png>
Package pdftex.def Info: 4.7.png  used on input line 530.
(pdftex.def)             Requested size: 362.37569pt x 170.50731pt.


[19 <./4.4.png> <./4.5.png> <./4.6.png>]
<4.8.png, id=296, 815.29594pt x 472.76625pt>
File: 4.8.png Graphic file (type png)
<use 4.8.png>
Package pdftex.def Info: 4.8.png  used on input line 537.
(pdftex.def)             Requested size: 362.37569pt x 210.13144pt.


[20 <./4.7.png> <./4.8.png>]

[21]
Overfull \hbox (64.35765pt too wide) in paragraph at lines 582--582
 []$ 
 []

<5.1.png, id=316, 843.90282pt x 398.99063pt>
File: 5.1.png Graphic file (type png)
<use 5.1.png>
Package pdftex.def Info: 5.1.png  used on input line 619.
(pdftex.def)             Requested size: 362.37569pt x 171.33127pt.


[22]
<5.2.png, id=330, 809.27344pt x 380.17032pt>
File: 5.2.png Graphic file (type png)
<use 5.2.png>
Package pdftex.def Info: 5.2.png  used on input line 625.
(pdftex.def)             Requested size: 362.37569pt x 170.23392pt.
<5.3.png, id=331, 822.82407pt x 349.305pt>
File: 5.3.png Graphic file (type png)
<use 5.3.png>
Package pdftex.def Info: 5.3.png  used on input line 632.
(pdftex.def)             Requested size: 362.37569pt x 153.83325pt.
<5.4.png, id=332, 797.98125pt x 350.05782pt>
File: 5.4.png Graphic file (type png)
<use 5.4.png>
Package pdftex.def Info: 5.4.png  used on input line 638.
(pdftex.def)             Requested size: 362.37569pt x 158.96674pt.


[23 <./5.1.png> <./5.2.png> <./5.3.png>]
<5.7.png, id=343, 795.72281pt x 352.31625pt>
File: 5.7.png Graphic file (type png)
<use 5.7.png>
Package pdftex.def Info: 5.7.png  used on input line 644.
(pdftex.def)             Requested size: 362.37569pt x 160.44391pt.
<5.6.png, id=344, 825.83531pt x 329.73187pt>
File: 5.6.png Graphic file (type png)
<use 5.6.png>
Package pdftex.def Info: 5.6.png  used on input line 651.
(pdftex.def)             Requested size: 362.37569pt x 144.68498pt.
<5.5.png, id=345, 813.0375pt x 358.33875pt>
File: 5.5.png Graphic file (type png)
<use 5.5.png>
Package pdftex.def Info: 5.5.png  used on input line 657.
(pdftex.def)             Requested size: 362.37569pt x 159.7145pt.


[24 <./5.4.png> <./5.7.png> <./5.6.png>]

[25 <./5.5.png>]
<6.1.png, id=370, 718.18312pt x 382.42876pt>
File: 6.1.png Graphic file (type png)
<use 6.1.png>
Package pdftex.def Info: 6.1.png  used on input line 739.
(pdftex.def)             Requested size: 362.37569pt x 192.96451pt.


[26]
<6.2.png, id=384, 767.11594pt x 384.6872pt>
File: 6.2.png Graphic file (type png)
<use 6.2.png>
Package pdftex.def Info: 6.2.png  used on input line 746.
(pdftex.def)             Requested size: 362.37569pt x 181.72456pt.
<6.3.png, id=385, 730.98094pt x 240.14719pt>
File: 6.3.png Graphic file (type png)
<use 6.3.png>
Package pdftex.def Info: 6.3.png  used on input line 754.
(pdftex.def)             Requested size: 362.37569pt x 119.05093pt.
<6.5.png, id=386, 432.11438pt x 362.85562pt>
File: 6.5.png Graphic file (type png)
<use 6.5.png>
Package pdftex.def Info: 6.5.png  used on input line 762.
(pdftex.def)             Requested size: 362.37569pt x 304.30388pt.


[27 <./6.1.png> <./6.2.png> <./6.3.png>]
<6.6.png, id=397, 722.7pt x 315.42844pt>
File: 6.6.png Graphic file (type png)
<use 6.6.png>
Package pdftex.def Info: 6.6.png  used on input line 771.
(pdftex.def)             Requested size: 362.37569pt x 158.16144pt.
<6.7.png, id=398, 724.20563pt x 356.83313pt>
File: 6.7.png Graphic file (type png)
<use 6.7.png>
Package pdftex.def Info: 6.7.png  used on input line 778.
(pdftex.def)             Requested size: 362.37569pt x 178.55223pt.


[28 <./6.5.png> <./6.6.png>]
<6.8.png, id=407, 711.4078pt x 344.78813pt>
File: 6.8.png Graphic file (type png)
<use 6.8.png>
Package pdftex.def Info: 6.8.png  used on input line 785.
(pdftex.def)             Requested size: 362.37569pt x 175.63443pt.


[29 <./6.7.png> <./6.8.png>]

[30]

[31]

[32]

[33]
Overfull \hbox (16.48912pt too wide) in paragraph at lines 943--943
 []$ 
 []

<8.1.png, id=459, 849.92531pt x 134.75343pt>
File: 8.1.png Graphic file (type png)
<use 8.1.png>
Package pdftex.def Info: 8.1.png  used on input line 980.
(pdftex.def)             Requested size: 362.37569pt x 57.45348pt.


[34]
<8.2.png, id=473, 795.72281pt x 163.3603pt>
File: 8.2.png Graphic file (type png)
<use 8.2.png>
Package pdftex.def Info: 8.2.png  used on input line 986.
(pdftex.def)             Requested size: 362.37569pt x 74.39386pt.
<8.3.png, id=474, 840.13875pt x 330.48468pt>
File: 8.3.png Graphic file (type png)
<use 8.3.png>
Package pdftex.def Info: 8.3.png  used on input line 993.
(pdftex.def)             Requested size: 362.37569pt x 142.54436pt.
<8.4.png, id=475, 717.43031pt x 114.4275pt>
File: 8.4.png Graphic file (type png)
<use 8.4.png>
Package pdftex.def Info: 8.4.png  used on input line 999.
(pdftex.def)             Requested size: 362.37569pt x 57.79852pt.
<8.5.png, id=476, 846.91406pt x 450.9347pt>
File: 8.5.png Graphic file (type png)
<use 8.5.png>
Package pdftex.def Info: 8.5.png  used on input line 1005.
(pdftex.def)             Requested size: 362.37569pt x 192.94171pt.


[35 <./8.1.png> <./8.2.png> <./8.3.png> <./8.4.png>]

[36 <./8.5.png>]
LaTeX Font Info:    Trying to load font information for OT1+pcr on input line 1
078.

(C:\Users\user\AppData\Local\Programs\MiKTeX\tex/latex/psnfss\ot1pcr.fd
File: ot1pcr.fd 2001/06/04 font definitions for OT1/pcr.
)
LaTeX Font Info:    Trying to load font information for OML+pcr on input line 1
078.

(C:\Users\user\AppData\Local\Programs\MiKTeX\tex/latex/psnfss\omlpcr.fd
File: omlpcr.fd 
)
LaTeX Font Info:    Font shape `OML/pcr/m/n' in size <10> not available
(Font)              Font shape `OML/cmm/m/it' tried instead on input line 1078.

<9.1.png, id=503, 715.92468pt x 338.76563pt>
File: 9.1.png Graphic file (type png)
<use 9.1.png>
Package pdftex.def Info: 9.1.png  used on input line 1086.
(pdftex.def)             Requested size: 362.37569pt x 171.47072pt.


[37]
<9.2.png, id=518, 687.31781pt x 435.12563pt>
File: 9.2.png Graphic file (type png)
<use 9.2.png>
Package pdftex.def Info: 9.2.png  used on input line 1097.
(pdftex.def)             Requested size: 362.37569pt x 229.40709pt.
<9.3.png, id=519, 584.1825pt x 66.2475pt>
File: 9.3.png Graphic file (type png)
<use 9.3.png>
Package pdftex.def Info: 9.3.png  used on input line 1111.
(pdftex.def)             Requested size: 362.37569pt x 41.09525pt.


[38 <./9.1.png> <./9.2.png> <./9.3.png>]

[39]
Overfull \hbox (7.93022pt too wide) in paragraph at lines 1155--1155
 []$ 
 []


Overfull \hbox (68.41428pt too wide) in paragraph at lines 1185--1188
\OT1/ptm/m/n/10 file in a sub-folder). Ab-so-lute links: Use full URLs to link 
to ex-ter-nal re-sources (e.g., \OML/cmm/m/it/10 <\OT1/pcr/m/n/10 a href="https
://example.com"\OML/cmm/m/it/10 >\OT1/ptm/m/n/10 ).
 []

<10.1.png, id=541, 283.81032pt x 176.91093pt>
File: 10.1.png Graphic file (type png)
<use 10.1.png>
Package pdftex.def Info: 10.1.png  used on input line 1195.
(pdftex.def)             Requested size: 362.37569pt x 225.90532pt.
<10.2.png, id=542, 320.69812pt x 167.87718pt>
File: 10.2.png Graphic file (type png)
<use 10.2.png>
Package pdftex.def Info: 10.2.png  used on input line 1200.
(pdftex.def)             Requested size: 362.37569pt x 189.699pt.


[40]
<10.3.png, id=555, 282.30469pt x 165.61874pt>
File: 10.3.png Graphic file (type png)
<use 10.3.png>
Package pdftex.def Info: 10.3.png  used on input line 1206.
(pdftex.def)             Requested size: 362.37569pt x 212.6104pt.


[41 <./10.1.png> <./10.2.png>]
<10.4.png, id=564, 285.31593pt x 175.40532pt>
File: 10.4.png Graphic file (type png)
<use 10.4.png>
Package pdftex.def Info: 10.4.png  used on input line 1212.
(pdftex.def)             Requested size: 362.37569pt x 222.78099pt.

Overfull \hbox (12.76582pt too wide) in paragraph at lines 1216--1218
[]\OT1/ptm/m/n/10 The \OML/cmm/m/it/10 <\OT1/pcr/m/n/10 a\OML/cmm/m/it/10 > \OT
1/ptm/m/n/10 tag is used to link dif-fer-ent HTML pages. The syn-tax of the tag
 is: \OML/cmm/m/it/10 <\OT1/pcr/m/n/10 a href="URL"\OML/cmm/m/it/10 >\OT1/pcr/m
/n/10 Text\OML/cmm/m/it/10 <\OT1/pcr/m/n/10 /a\OML/cmm/m/it/10 > 
 []



[42 <./10.3.png> <./10.4.png>]

[43]
Overfull \hbox (20.37048pt too wide) in paragraph at lines 1270--1270
 []$ 
 []

<11.1.png, id=585, 353.06906pt x 117.43875pt>
File: 11.1.png Graphic file (type png)
<use 11.1.png>
Package pdftex.def Info: 11.1.png  used on input line 1306.
(pdftex.def)             Requested size: 452.9679pt x 150.6687pt.


[44]
LaTeX Font Info:    Trying to load font information for OML+ptm on input line 1
309.
 (C:\Users\user\AppData\Local\Programs\MiKTeX\tex/latex/psnfss\omlptm.fd
File: omlptm.fd 
)
LaTeX Font Info:    Font shape `OML/ptm/m/n' in size <10> not available
(Font)              Font shape `OML/cmm/m/it' tried instead on input line 1309.

<11.2.png, id=598, 356.0803pt x 128.73094pt>
File: 11.2.png Graphic file (type png)
<use 11.2.png>
Package pdftex.def Info: 11.2.png  used on input line 1317.
(pdftex.def)             Requested size: 452.9679pt x 163.76538pt.
<11.3.png, id=599, 297.36093pt x 321.45094pt>
File: 11.3.png Graphic file (type png)
<use 11.3.png>
Package pdftex.def Info: 11.3.png  used on input line 1325.
(pdftex.def)             Requested size: 271.7835pt x 293.8157pt.
<11.4.png, id=600, 323.70938pt x 228.855pt>
File: 11.4.png Graphic file (type png)
<use 11.4.png>
Package pdftex.def Info: 11.4.png  used on input line 1330.
(pdftex.def)             Requested size: 362.37569pt x 256.20758pt.


[45 <./11.1.png> <./11.2.png>]
<11.5.png, id=609, 322.95656pt x 234.1247pt>
File: 11.5.png Graphic file (type png)
<use 11.5.png>
Package pdftex.def Info: 11.5.png  used on input line 1336.
(pdftex.def)             Requested size: 362.37569pt x 262.71443pt.


[46 <./11.3.png> <./11.4.png>]

[47 <./11.5.png>]

[48] (Lab_manual.aux)
 ***********
LaTeX2e <2024-11-01>
L3 programming layer <2024-11-02>
 ***********
Package rerunfilecheck Info: File `Lab_manual.out' has not changed.
(rerunfilecheck)             Checksum: 602B0D51241C664BA66AAE26200DFA46;1383.
 ) 
Here is how much of TeX's memory you used:
 11661 strings out of 473682
 186202 string characters out of 5719691
 579772 words of memory out of 5000000
 34314 multiletter control sequences out of 15000+600000
 578994 words of font info for 74 fonts, out of 8000000 for 9000
 1141 hyphenation exceptions out of 8191
 75i,18n,79p,992b,550s stack positions out of 10000i,1000n,20000p,200000b,200000s
<C:/Users/user/AppData/Local/Programs/MiKTeX/fonts/type1/public/amsfonts/cm/c
mmi10.pfb><C:/Users/user/AppData/Local/Programs/MiKTeX/fonts/type1/urw/courier/
ucrr8a.pfb><C:/Users/user/AppData/Local/Programs/MiKTeX/fonts/type1/urw/times/u
tmb8a.pfb><C:/Users/user/AppData/Local/Programs/MiKTeX/fonts/type1/urw/times/ut
mbi8a.pfb><C:/Users/user/AppData/Local/Programs/MiKTeX/fonts/type1/urw/times/ut
mr8a.pfb>
Output written on Lab_manual.pdf (49 pages, 5679981 bytes).
PDF statistics:
 727 PDF objects out of 1000 (max. 8388607)
 303 named destinations out of 1000 (max. 500000)
 404 words of extra memory for PDF output out of 10000 (max. 10000000)

